2021-11-27T15:58:32.141804-00:00 0 [System] [MY-013169] [Server] /usr/sbin/mysqld (mysqld 8.0.27) initializing of server in progress as process 43
2021-11-27T15:58:32.192059-00:00 0 [Warning] [MY-010159] [Server] Setting lower_case_table_names=2 because file system for /var/lib/mysql/ is case insensitive
2021-11-27T15:58:32.859573-00:00 1 [System] [MY-013576] [InnoDB] InnoDB initialization has started.
2021-11-27T15:58:57.104673-00:00 1 [System] [MY-013577] [InnoDB] InnoDB initialization has ended.
2021-11-27T15:59:13.784054-00:00 0 [Warning] [MY-013746] [Server] A deprecated TLS version TLSv1 is enabled for channel mysql_main
2021-11-27T15:59:13.785817-00:00 0 [Warning] [MY-013746] [Server] A deprecated TLS version TLSv1.1 is enabled for channel mysql_main
2021-11-27T15:59:14.048695-00:00 6 [Warning] [MY-010453] [Server] root@localhost is created with an empty password ! Please consider switching off the --initialize-insecure option.
2021-11-27T16:01:30.542532-00:00 0 [System] [MY-010116] [Server] /usr/sbin/mysqld (mysqld 8.0.27) starting as process 90
2021-11-27T16:01:30.558302-00:00 0 [Warning] [MY-010159] [Server] Setting lower_case_table_names=2 because file system for /var/lib/mysql/ is case insensitive
2021-11-27T16:01:30.652178-00:00 1 [System] [MY-013576] [InnoDB] InnoDB initialization has started.
2021-11-27T16:01:35.667575-00:00 1 [System] [MY-013577] [InnoDB] InnoDB initialization has ended.
2021-11-27T16:01:38.800577-00:00 0 [Warning] [MY-013746] [Server] A deprecated TLS version TLSv1 is enabled for channel mysql_main
2021-11-27T16:01:38.807419-00:00 0 [Warning] [MY-013746] [Server] A deprecated TLS version TLSv1.1 is enabled for channel mysql_main
2021-11-27T16:01:38.820691-00:00 0 [Warning] [MY-010068] [Server] CA certificate ca.pem is self signed.
2021-11-27T16:01:38.822332-00:00 0 [System] [MY-013602] [Server] Channel mysql_main configured to support TLS. Encrypted connections are now supported for this channel.
2021-11-27T16:01:38.852640-00:00 0 [Warning] [MY-011810] [Server] Insecure configuration for --pid-file: Location '/var/run/mysqld' in the path is accessible to all OS users. Consider choosing a different directory.
2021-11-27T16:01:39.313314-00:00 0 [System] [MY-011323] [Server] X Plugin ready for connections. Socket: /var/run/mysqld/mysqlx.sock
2021-11-27T16:01:39.314491-00:00 0 [System] [MY-010931] [Server] /usr/sbin/mysqld: ready for connections. Version: '8.0.27'  socket: '/var/run/mysqld/mysqld.sock'  port: 0  MySQL Community Server - GPL.
2021-11-27T16:03:02.061197-00:00 13 [System] [MY-013172] [Server] Received SHUTDOWN from user root. Shutting down mysqld (Version: 8.0.27).
2021-11-27T16:03:04.919300-00:00 0 [System] [MY-010910] [Server] /usr/sbin/mysqld: Shutdown complete (mysqld 8.0.27)  MySQL Community Server - GPL.
2021-11-27T16:03:05.405650-00:00 0 [System] [MY-010116] [Server] /usr/sbin/mysqld (mysqld 8.0.27) starting as process 1
2021-11-27T16:03:05.428255-00:00 0 [Warning] [MY-010159] [Server] Setting lower_case_table_names=2 because file system for /var/lib/mysql/ is case insensitive
2021-11-27T16:03:05.465519-00:00 1 [System] [MY-013576] [InnoDB] InnoDB initialization has started.
2021-11-27T16:03:07.802138-00:00 1 [System] [MY-013577] [InnoDB] InnoDB initialization has ended.
2021-11-27T16:03:10.529901-00:00 0 [Warning] [MY-013746] [Server] A deprecated TLS version TLSv1 is enabled for channel mysql_main
2021-11-27T16:03:10.533009-00:00 0 [Warning] [MY-013746] [Server] A deprecated TLS version TLSv1.1 is enabled for channel mysql_main
2021-11-27T16:03:10.548171-00:00 0 [Warning] [MY-010068] [Server] CA certificate ca.pem is self signed.
2021-11-27T16:03:10.551397-00:00 0 [System] [MY-013602] [Server] Channel mysql_main configured to support TLS. Encrypted connections are now supported for this channel.
2021-11-27T16:03:10.572142-00:00 0 [Warning] [MY-011810] [Server] Insecure configuration for --pid-file: Location '/var/run/mysqld' in the path is accessible to all OS users. Consider choosing a different directory.
2021-11-27T16:03:10.913052-00:00 0 [System] [MY-011323] [Server] X Plugin ready for connections. Bind-address: '::' port: 33060, socket: /var/run/mysqld/mysqlx.sock
2021-11-27T16:03:10.913313-00:00 0 [System] [MY-010931] [Server] /usr/sbin/mysqld: ready for connections. Version: '8.0.27'  socket: '/var/run/mysqld/mysqld.sock'  port: 3306  MySQL Community Server - GPL.
2021-11-27T16:26:01.594946-00:00 0 [System] [MY-013172] [Server] Received SHUTDOWN from user <via user signal>. Shutting down mysqld (Version: 8.0.27).
2021-11-27T16:26:03.636843-00:00 0 [System] [MY-010910] [Server] /usr/sbin/mysqld: Shutdown complete (mysqld 8.0.27)  MySQL Community Server - GPL.
2021-11-27T16:26:49.843907-00:00 0 [System] [MY-010116] [Server] /usr/sbin/mysqld (mysqld 8.0.27) starting as process 1
2021-11-27T16:26:49.867170-00:00 0 [Warning] [MY-010159] [Server] Setting lower_case_table_names=2 because file system for /var/lib/mysql/ is case insensitive
2021-11-27T16:26:49.934039-00:00 1 [System] [MY-013576] [InnoDB] InnoDB initialization has started.
2021-11-27T16:26:54.470572-00:00 1 [System] [MY-013577] [InnoDB] InnoDB initialization has ended.
2021-11-27T16:26:56.153112-00:00 0 [Warning] [MY-013746] [Server] A deprecated TLS version TLSv1 is enabled for channel mysql_main
2021-11-27T16:26:56.154656-00:00 0 [Warning] [MY-013746] [Server] A deprecated TLS version TLSv1.1 is enabled for channel mysql_main
2021-11-27T16:26:56.193382-00:00 0 [Warning] [MY-010068] [Server] CA certificate ca.pem is self signed.
2021-11-27T16:26:56.195042-00:00 0 [System] [MY-013602] [Server] Channel mysql_main configured to support TLS. Encrypted connections are now supported for this channel.
2021-11-27T16:26:56.234866-00:00 0 [Warning] [MY-011810] [Server] Insecure configuration for --pid-file: Location '/var/run/mysqld' in the path is accessible to all OS users. Consider choosing a different directory.
2021-11-27T16:26:56.598241-00:00 0 [System] [MY-011323] [Server] X Plugin ready for connections. Bind-address: '::' port: 33060, socket: /var/run/mysqld/mysqlx.sock
2021-11-27T16:26:56.598787-00:00 0 [System] [MY-010931] [Server] /usr/sbin/mysqld: ready for connections. Version: '8.0.27'  socket: '/var/run/mysqld/mysqld.sock'  port: 3306  MySQL Community Server - GPL.
2021-11-27T16:35:25.746196-00:00 0 [System] [MY-013172] [Server] Received SHUTDOWN from user <via user signal>. Shutting down mysqld (Version: 8.0.27).
2021-11-27T16:35:26.807345-00:00 0 [ERROR] [MY-011945] [InnoDB] Cannot open '/var/lib/mysql/ib_buffer_pool.incomplete' for writing: No such file or directory
2021-11-27T16:35:28.235873-00:00 0 [System] [MY-010910] [Server] /usr/sbin/mysqld: Shutdown complete (mysqld 8.0.27)  MySQL Community Server - GPL.
2021-11-27T16:36:08.200576-00:00 0 [System] [MY-010116] [Server] /usr/sbin/mysqld (mysqld 8.0.27) starting as process 1
2021-11-27T16:36:08.230387-00:00 0 [Warning] [MY-010159] [Server] Setting lower_case_table_names=2 because file system for /var/lib/mysql/ is case insensitive
2021-11-27T16:36:08.296962-00:00 1 [System] [MY-013576] [InnoDB] InnoDB initialization has started.
2021-11-27T16:36:13.620662-00:00 1 [System] [MY-013577] [InnoDB] InnoDB initialization has ended.
2021-11-27T16:36:15.471736-00:00 0 [Warning] [MY-013746] [Server] A deprecated TLS version TLSv1 is enabled for channel mysql_main
2021-11-27T16:36:15.472784-00:00 0 [Warning] [MY-013746] [Server] A deprecated TLS version TLSv1.1 is enabled for channel mysql_main
2021-11-27T16:36:15.501174-00:00 0 [Warning] [MY-010068] [Server] CA certificate ca.pem is self signed.
2021-11-27T16:36:15.503510-00:00 0 [System] [MY-013602] [Server] Channel mysql_main configured to support TLS. Encrypted connections are now supported for this channel.
2021-11-27T16:36:15.545040-00:00 0 [Warning] [MY-011810] [Server] Insecure configuration for --pid-file: Location '/var/run/mysqld' in the path is accessible to all OS users. Consider choosing a different directory.
2021-11-27T16:36:15.891392-00:00 0 [System] [MY-011323] [Server] X Plugin ready for connections. Bind-address: '::' port: 33060, socket: /var/run/mysqld/mysqlx.sock
2021-11-27T16:36:15.891687-00:00 0 [System] [MY-010931] [Server] /usr/sbin/mysqld: ready for connections. Version: '8.0.27'  socket: '/var/run/mysqld/mysqld.sock'  port: 3306  MySQL Community Server - GPL.
2021-11-28T06:41:46.956898-00:00 0 [System] [MY-010116] [Server] /usr/sbin/mysqld (mysqld 8.0.27) starting as process 1
2021-11-28T06:41:46.970039-00:00 0 [Warning] [MY-010159] [Server] Setting lower_case_table_names=2 because file system for /var/lib/mysql/ is case insensitive
2021-11-28T06:41:47.023317-00:00 1 [System] [MY-013576] [InnoDB] InnoDB initialization has started.
2021-11-28T06:41:48.559697-00:00 1 [System] [MY-013577] [InnoDB] InnoDB initialization has ended.
2021-11-28T06:41:50.215362-00:00 0 [System] [MY-010229] [Server] Starting XA crash recovery...
2021-11-28T06:41:50.279039-00:00 0 [System] [MY-010232] [Server] XA crash recovery finished.
2021-11-28T06:41:50.480588-00:00 0 [Warning] [MY-013746] [Server] A deprecated TLS version TLSv1 is enabled for channel mysql_main
2021-11-28T06:41:50.481966-00:00 0 [Warning] [MY-013746] [Server] A deprecated TLS version TLSv1.1 is enabled for channel mysql_main
2021-11-28T06:41:50.517849-00:00 0 [Warning] [MY-010068] [Server] CA certificate ca.pem is self signed.
2021-11-28T06:41:50.523740-00:00 0 [System] [MY-013602] [Server] Channel mysql_main configured to support TLS. Encrypted connections are now supported for this channel.
2021-11-28T06:41:50.596902-00:00 0 [Warning] [MY-011810] [Server] Insecure configuration for --pid-file: Location '/var/run/mysqld' in the path is accessible to all OS users. Consider choosing a different directory.
2021-11-28T06:41:51.128941-00:00 0 [System] [MY-011323] [Server] X Plugin ready for connections. Bind-address: '::' port: 33060, socket: /var/run/mysqld/mysqlx.sock
2021-11-28T06:41:51.130429-00:00 0 [System] [MY-010931] [Server] /usr/sbin/mysqld: ready for connections. Version: '8.0.27'  socket: '/var/run/mysqld/mysqld.sock'  port: 3306  MySQL Community Server - GPL.
2021-11-29T00:24:26.608972-00:00 0 [System] [MY-010116] [Server] /usr/sbin/mysqld (mysqld 8.0.27) starting as process 1
2021-11-29T00:24:26.646237-00:00 0 [Warning] [MY-010159] [Server] Setting lower_case_table_names=2 because file system for /var/lib/mysql/ is case insensitive
2021-11-29T00:24:26.761754-00:00 1 [System] [MY-013576] [InnoDB] InnoDB initialization has started.
2021-11-29T00:24:32.808672-00:00 1 [System] [MY-013577] [InnoDB] InnoDB initialization has ended.
2021-11-29T00:24:36.417624-00:00 0 [System] [MY-010229] [Server] Starting XA crash recovery...
2021-11-29T00:24:36.581767-00:00 0 [System] [MY-010232] [Server] XA crash recovery finished.
2021-11-29T00:24:36.867902-00:00 0 [Warning] [MY-013746] [Server] A deprecated TLS version TLSv1 is enabled for channel mysql_main
2021-11-29T00:24:36.873623-00:00 0 [Warning] [MY-013746] [Server] A deprecated TLS version TLSv1.1 is enabled for channel mysql_main
2021-11-29T00:24:36.957930-00:00 0 [Warning] [MY-010068] [Server] CA certificate ca.pem is self signed.
2021-11-29T00:24:36.959640-00:00 0 [System] [MY-013602] [Server] Channel mysql_main configured to support TLS. Encrypted connections are now supported for this channel.
2021-11-29T00:24:37.044644-00:00 0 [Warning] [MY-011810] [Server] Insecure configuration for --pid-file: Location '/var/run/mysqld' in the path is accessible to all OS users. Consider choosing a different directory.
2021-11-29T00:24:37.746747-00:00 0 [System] [MY-011323] [Server] X Plugin ready for connections. Bind-address: '::' port: 33060, socket: /var/run/mysqld/mysqlx.sock
2021-11-29T00:24:37.747986-00:00 0 [System] [MY-010931] [Server] /usr/sbin/mysqld: ready for connections. Version: '8.0.27'  socket: '/var/run/mysqld/mysqld.sock'  port: 3306  MySQL Community Server - GPL.
2021-11-29T01:41:21.539755-00:00 0 [System] [MY-010116] [Server] /usr/sbin/mysqld (mysqld 8.0.27) starting as process 1
2021-11-29T01:41:21.564803-00:00 0 [Warning] [MY-010159] [Server] Setting lower_case_table_names=2 because file system for /var/lib/mysql/ is case insensitive
2021-11-29T01:41:21.632571-00:00 1 [System] [MY-013576] [InnoDB] InnoDB initialization has started.
2021-11-29T01:41:27.181844-00:00 1 [System] [MY-013577] [InnoDB] InnoDB initialization has ended.
2021-11-29T01:41:28.886830-00:00 0 [System] [MY-010229] [Server] Starting XA crash recovery...
2021-11-29T01:41:28.931145-00:00 0 [System] [MY-010232] [Server] XA crash recovery finished.
2021-11-29T01:41:29.163878-00:00 0 [Warning] [MY-013746] [Server] A deprecated TLS version TLSv1 is enabled for channel mysql_main
2021-11-29T01:41:29.165479-00:00 0 [Warning] [MY-013746] [Server] A deprecated TLS version TLSv1.1 is enabled for channel mysql_main
2021-11-29T01:41:29.190217-00:00 0 [Warning] [MY-010068] [Server] CA certificate ca.pem is self signed.
2021-11-29T01:41:29.192902-00:00 0 [System] [MY-013602] [Server] Channel mysql_main configured to support TLS. Encrypted connections are now supported for this channel.
2021-11-29T01:41:29.217755-00:00 0 [Warning] [MY-011810] [Server] Insecure configuration for --pid-file: Location '/var/run/mysqld' in the path is accessible to all OS users. Consider choosing a different directory.
2021-11-29T01:41:29.554233-00:00 0 [System] [MY-011323] [Server] X Plugin ready for connections. Bind-address: '::' port: 33060, socket: /var/run/mysqld/mysqlx.sock
2021-11-29T01:41:29.555125-00:00 0 [System] [MY-010931] [Server] /usr/sbin/mysqld: ready for connections. Version: '8.0.27'  socket: '/var/run/mysqld/mysqld.sock'  port: 3306  MySQL Community Server - GPL.
2021-11-29T01:45:03.077513-00:00 0 [System] [MY-013172] [Server] Received SHUTDOWN from user <via user signal>. Shutting down mysqld (Version: 8.0.27).
2021-11-29T01:45:04.483991-00:00 0 [System] [MY-010910] [Server] /usr/sbin/mysqld: Shutdown complete (mysqld 8.0.27)  MySQL Community Server - GPL.
2021-11-29T01:45:42.222719-00:00 0 [System] [MY-010116] [Server] /usr/sbin/mysqld (mysqld 8.0.27) starting as process 1
2021-11-29T01:45:42.257236-00:00 0 [Warning] [MY-010159] [Server] Setting lower_case_table_names=2 because file system for /var/lib/mysql/ is case insensitive
2021-11-29T01:45:42.466995-00:00 1 [System] [MY-013576] [InnoDB] InnoDB initialization has started.
2021-11-29T01:45:49.551063-00:00 1 [System] [MY-013577] [InnoDB] InnoDB initialization has ended.
2021-11-29T01:45:51.847745-00:00 0 [Warning] [MY-013746] [Server] A deprecated TLS version TLSv1 is enabled for channel mysql_main
2021-11-29T01:45:51.851735-00:00 0 [Warning] [MY-013746] [Server] A deprecated TLS version TLSv1.1 is enabled for channel mysql_main
2021-11-29T01:45:51.880413-00:00 0 [Warning] [MY-010068] [Server] CA certificate ca.pem is self signed.
2021-11-29T01:45:51.883004-00:00 0 [System] [MY-013602] [Server] Channel mysql_main configured to support TLS. Encrypted connections are now supported for this channel.
2021-11-29T01:45:51.924886-00:00 0 [Warning] [MY-011810] [Server] Insecure configuration for --pid-file: Location '/var/run/mysqld' in the path is accessible to all OS users. Consider choosing a different directory.
2021-11-29T01:45:52.532006-00:00 0 [System] [MY-011323] [Server] X Plugin ready for connections. Bind-address: '::' port: 33060, socket: /var/run/mysqld/mysqlx.sock
2021-11-29T01:45:52.532924-00:00 0 [System] [MY-010931] [Server] /usr/sbin/mysqld: ready for connections. Version: '8.0.27'  socket: '/var/run/mysqld/mysqld.sock'  port: 3306  MySQL Community Server - GPL.
2021-11-29T04:05:45.783797-00:00 0 [System] [MY-013172] [Server] Received SHUTDOWN from user <via user signal>. Shutting down mysqld (Version: 8.0.27).
2021-11-29T04:05:47.624047-00:00 0 [System] [MY-010910] [Server] /usr/sbin/mysqld: Shutdown complete (mysqld 8.0.27)  MySQL Community Server - GPL.
2021-11-29T12:01:11.971354-00:00 0 [System] [MY-010116] [Server] /usr/sbin/mysqld (mysqld 8.0.27) starting as process 1
2021-11-29T12:01:12.035429-00:00 0 [Warning] [MY-010159] [Server] Setting lower_case_table_names=2 because file system for /var/lib/mysql/ is case insensitive
2021-11-29T12:01:12.170589-00:00 1 [System] [MY-013576] [InnoDB] InnoDB initialization has started.
2021-11-29T12:01:17.379792-00:00 1 [System] [MY-013577] [InnoDB] InnoDB initialization has ended.
2021-11-29T12:01:20.411126-00:00 0 [Warning] [MY-013746] [Server] A deprecated TLS version TLSv1 is enabled for channel mysql_main
2021-11-29T12:01:20.413399-00:00 0 [Warning] [MY-013746] [Server] A deprecated TLS version TLSv1.1 is enabled for channel mysql_main
2021-11-29T12:01:20.500471-00:00 0 [Warning] [MY-010068] [Server] CA certificate ca.pem is self signed.
2021-11-29T12:01:20.502281-00:00 0 [System] [MY-013602] [Server] Channel mysql_main configured to support TLS. Encrypted connections are now supported for this channel.
2021-11-29T12:01:20.542085-00:00 0 [Warning] [MY-011810] [Server] Insecure configuration for --pid-file: Location '/var/run/mysqld' in the path is accessible to all OS users. Consider choosing a different directory.
2021-11-29T12:01:21.023858-00:00 0 [System] [MY-011323] [Server] X Plugin ready for connections. Bind-address: '::' port: 33060, socket: /var/run/mysqld/mysqlx.sock
2021-11-29T12:01:21.027731-00:00 0 [System] [MY-010931] [Server] /usr/sbin/mysqld: ready for connections. Version: '8.0.27'  socket: '/var/run/mysqld/mysqld.sock'  port: 3306  MySQL Community Server - GPL.
2021-12-01T11:42:15.812424-00:00 0 [System] [MY-010116] [Server] /usr/sbin/mysqld (mysqld 8.0.27) starting as process 1
2021-12-01T11:42:15.836339-00:00 0 [Warning] [MY-010159] [Server] Setting lower_case_table_names=2 because file system for /var/lib/mysql/ is case insensitive
2021-12-01T11:42:15.906557-00:00 1 [System] [MY-013576] [InnoDB] InnoDB initialization has started.
2021-12-01T11:42:18.577386-00:00 1 [System] [MY-013577] [InnoDB] InnoDB initialization has ended.
2021-12-01T11:42:19.360857-00:00 0 [System] [MY-010229] [Server] Starting XA crash recovery...
2021-12-01T11:42:19.475249-00:00 0 [System] [MY-010232] [Server] XA crash recovery finished.
2021-12-01T11:42:19.649179-00:00 0 [Warning] [MY-013746] [Server] A deprecated TLS version TLSv1 is enabled for channel mysql_main
2021-12-01T11:42:19.653067-00:00 0 [Warning] [MY-013746] [Server] A deprecated TLS version TLSv1.1 is enabled for channel mysql_main
2021-12-01T11:42:19.692975-00:00 0 [Warning] [MY-010068] [Server] CA certificate ca.pem is self signed.
2021-12-01T11:42:19.695136-00:00 0 [System] [MY-013602] [Server] Channel mysql_main configured to support TLS. Encrypted connections are now supported for this channel.
2021-12-01T11:42:19.725479-00:00 0 [Warning] [MY-011810] [Server] Insecure configuration for --pid-file: Location '/var/run/mysqld' in the path is accessible to all OS users. Consider choosing a different directory.
2021-12-01T11:42:20.024577-00:00 0 [System] [MY-010931] [Server] /usr/sbin/mysqld: ready for connections. Version: '8.0.27'  socket: '/var/run/mysqld/mysqld.sock'  port: 3306  MySQL Community Server - GPL.
2021-12-01T11:42:20.024653-00:00 0 [System] [MY-011323] [Server] X Plugin ready for connections. Bind-address: '::' port: 33060, socket: /var/run/mysqld/mysqlx.sock
2021-12-01T11:44:06.260781-00:00 0 [System] [MY-013172] [Server] Received SHUTDOWN from user <via user signal>. Shutting down mysqld (Version: 8.0.27).
2021-12-01T11:44:07.006619-00:00 0 [System] [MY-010910] [Server] /usr/sbin/mysqld: Shutdown complete (mysqld 8.0.27)  MySQL Community Server - GPL.
2021-12-15T13:23:01.369368-00:00 0 [System] [MY-010116] [Server] /usr/sbin/mysqld (mysqld 8.0.27) starting as process 1
2021-12-15T13:23:01.652093-00:00 0 [Warning] [MY-010159] [Server] Setting lower_case_table_names=2 because file system for /var/lib/mysql/ is case insensitive
2021-12-15T13:23:02.462994-00:00 1 [System] [MY-013576] [InnoDB] InnoDB initialization has started.
2021-12-15T13:23:13.259795-00:00 1 [System] [MY-013577] [InnoDB] InnoDB initialization has ended.
2021-12-15T13:23:20.744293-00:00 0 [Warning] [MY-013746] [Server] A deprecated TLS version TLSv1 is enabled for channel mysql_main
2021-12-15T13:23:20.756390-00:00 0 [Warning] [MY-013746] [Server] A deprecated TLS version TLSv1.1 is enabled for channel mysql_main
2021-12-15T13:23:22.875455-00:00 0 [Warning] [MY-010068] [Server] CA certificate ca.pem is self signed.
2021-12-15T13:23:23.044149-00:00 0 [System] [MY-013602] [Server] Channel mysql_main configured to support TLS. Encrypted connections are now supported for this channel.
2021-12-15T13:23:23.510916-00:00 0 [Warning] [MY-011810] [Server] Insecure configuration for --pid-file: Location '/var/run/mysqld' in the path is accessible to all OS users. Consider choosing a different directory.
2021-12-15T13:23:27.211058-00:00 0 [System] [MY-011323] [Server] X Plugin ready for connections. Bind-address: '::' port: 33060, socket: /var/run/mysqld/mysqlx.sock
2021-12-15T13:23:27.297638-00:00 0 [System] [MY-010931] [Server] /usr/sbin/mysqld: ready for connections. Version: '8.0.27'  socket: '/var/run/mysqld/mysqld.sock'  port: 3306  MySQL Community Server - GPL.
2021-12-15T16:09:57.949088-00:00 0 [System] [MY-013172] [Server] Received SHUTDOWN from user <via user signal>. Shutting down mysqld (Version: 8.0.27).
2021-12-15T16:09:59.245769-00:00 0 [System] [MY-010910] [Server] /usr/sbin/mysqld: Shutdown complete (mysqld 8.0.27)  MySQL Community Server - GPL.
2021-12-16T13:23:45.479280-00:00 0 [System] [MY-010116] [Server] /usr/sbin/mysqld (mysqld 8.0.27) starting as process 1
2021-12-16T13:23:45.810727-00:00 0 [Warning] [MY-010159] [Server] Setting lower_case_table_names=2 because file system for /var/lib/mysql/ is case insensitive
2021-12-16T13:23:46.806965-00:00 1 [System] [MY-013576] [InnoDB] InnoDB initialization has started.
2021-12-16T13:24:04.226270-00:00 1 [System] [MY-013577] [InnoDB] InnoDB initialization has ended.
2021-12-16T13:24:14.911851-00:00 0 [Warning] [MY-013746] [Server] A deprecated TLS version TLSv1 is enabled for channel mysql_main
2021-12-16T13:24:14.917511-00:00 0 [Warning] [MY-013746] [Server] A deprecated TLS version TLSv1.1 is enabled for channel mysql_main
2021-12-16T13:24:15.266975-00:00 0 [Warning] [MY-010068] [Server] CA certificate ca.pem is self signed.
2021-12-16T13:24:15.270117-00:00 0 [System] [MY-013602] [Server] Channel mysql_main configured to support TLS. Encrypted connections are now supported for this channel.
2021-12-16T13:24:15.343850-00:00 0 [Warning] [MY-011810] [Server] Insecure configuration for --pid-file: Location '/var/run/mysqld' in the path is accessible to all OS users. Consider choosing a different directory.
2021-12-16T13:24:17.180270-00:00 0 [System] [MY-011323] [Server] X Plugin ready for connections. Bind-address: '::' port: 33060, socket: /var/run/mysqld/mysqlx.sock
2021-12-16T13:24:17.189706-00:00 0 [System] [MY-010931] [Server] /usr/sbin/mysqld: ready for connections. Version: '8.0.27'  socket: '/var/run/mysqld/mysqld.sock'  port: 3306  MySQL Community Server - GPL.
2021-12-16T13:30:08.590850-00:00 0 [System] [MY-013172] [Server] Received SHUTDOWN from user <via user signal>. Shutting down mysqld (Version: 8.0.27).
2021-12-16T13:30:11.127111-00:00 0 [System] [MY-010910] [Server] /usr/sbin/mysqld: Shutdown complete (mysqld 8.0.27)  MySQL Community Server - GPL.
2021-12-16T13:32:32.468478-00:00 0 [System] [MY-010116] [Server] /usr/sbin/mysqld (mysqld 8.0.27) starting as process 1
2021-12-16T13:32:32.518614-00:00 0 [Warning] [MY-010159] [Server] Setting lower_case_table_names=2 because file system for /var/lib/mysql/ is case insensitive
2021-12-16T13:32:32.641376-00:00 1 [System] [MY-013576] [InnoDB] InnoDB initialization has started.
2021-12-16T13:32:44.905468-00:00 1 [System] [MY-013577] [InnoDB] InnoDB initialization has ended.
2021-12-16T13:32:49.829927-00:00 0 [Warning] [MY-013746] [Server] A deprecated TLS version TLSv1 is enabled for channel mysql_main
2021-12-16T13:32:49.845028-00:00 0 [Warning] [MY-013746] [Server] A deprecated TLS version TLSv1.1 is enabled for channel mysql_main
2021-12-16T13:32:49.955183-00:00 0 [Warning] [MY-010068] [Server] CA certificate ca.pem is self signed.
2021-12-16T13:32:49.965975-00:00 0 [System] [MY-013602] [Server] Channel mysql_main configured to support TLS. Encrypted connections are now supported for this channel.
2021-12-16T13:32:50.071357-00:00 0 [Warning] [MY-011810] [Server] Insecure configuration for --pid-file: Location '/var/run/mysqld' in the path is accessible to all OS users. Consider choosing a different directory.
2021-12-16T13:32:50.967374-00:00 0 [System] [MY-011323] [Server] X Plugin ready for connections. Bind-address: '::' port: 33060, socket: /var/run/mysqld/mysqlx.sock
2021-12-16T13:32:50.967864-00:00 0 [System] [MY-010931] [Server] /usr/sbin/mysqld: ready for connections. Version: '8.0.27'  socket: '/var/run/mysqld/mysqld.sock'  port: 3306  MySQL Community Server - GPL.
2021-12-16T13:35:47.057797-00:00 0 [System] [MY-013172] [Server] Received SHUTDOWN from user <via user signal>. Shutting down mysqld (Version: 8.0.27).
2021-12-16T13:35:49.297150-00:00 0 [System] [MY-010910] [Server] /usr/sbin/mysqld: Shutdown complete (mysqld 8.0.27)  MySQL Community Server - GPL.
2021-12-18T07:04:51.641527-00:00 0 [System] [MY-010116] [Server] /usr/sbin/mysqld (mysqld 8.0.27) starting as process 1
2021-12-18T07:04:51.672570-00:00 0 [Warning] [MY-010159] [Server] Setting lower_case_table_names=2 because file system for /var/lib/mysql/ is case insensitive
2021-12-18T07:04:51.758031-00:00 1 [System] [MY-013576] [InnoDB] InnoDB initialization has started.
2021-12-18T07:04:55.376478-00:00 1 [System] [MY-013577] [InnoDB] InnoDB initialization has ended.
2021-12-18T07:04:57.844254-00:00 0 [Warning] [MY-013746] [Server] A deprecated TLS version TLSv1 is enabled for channel mysql_main
2021-12-18T07:04:57.847703-00:00 0 [Warning] [MY-013746] [Server] A deprecated TLS version TLSv1.1 is enabled for channel mysql_main
2021-12-18T07:04:57.873880-00:00 0 [Warning] [MY-010068] [Server] CA certificate ca.pem is self signed.
2021-12-18T07:04:57.875787-00:00 0 [System] [MY-013602] [Server] Channel mysql_main configured to support TLS. Encrypted connections are now supported for this channel.
2021-12-18T07:04:57.905050-00:00 0 [Warning] [MY-011810] [Server] Insecure configuration for --pid-file: Location '/var/run/mysqld' in the path is accessible to all OS users. Consider choosing a different directory.
2021-12-18T07:04:59.008157-00:00 0 [System] [MY-011323] [Server] X Plugin ready for connections. Bind-address: '::' port: 33060, socket: /var/run/mysqld/mysqlx.sock
2021-12-18T07:04:59.024023-00:00 0 [System] [MY-010931] [Server] /usr/sbin/mysqld: ready for connections. Version: '8.0.27'  socket: '/var/run/mysqld/mysqld.sock'  port: 3306  MySQL Community Server - GPL.
2021-12-18T07:05:34.535982-00:00 0 [System] [MY-013172] [Server] Received SHUTDOWN from user <via user signal>. Shutting down mysqld (Version: 8.0.27).
2021-12-18T07:05:35.899238-00:00 0 [System] [MY-010910] [Server] /usr/sbin/mysqld: Shutdown complete (mysqld 8.0.27)  MySQL Community Server - GPL.
2021-12-20T16:47:55.650296-00:00 0 [System] [MY-010116] [Server] /usr/sbin/mysqld (mysqld 8.0.27) starting as process 1
2021-12-20T16:47:55.683820-00:00 0 [Warning] [MY-010159] [Server] Setting lower_case_table_names=2 because file system for /var/lib/mysql/ is case insensitive
2021-12-20T16:47:55.748409-00:00 1 [System] [MY-013576] [InnoDB] InnoDB initialization has started.
2021-12-20T16:47:59.554352-00:00 1 [System] [MY-013577] [InnoDB] InnoDB initialization has ended.
2021-12-20T16:48:00.988575-00:00 0 [Warning] [MY-013746] [Server] A deprecated TLS version TLSv1 is enabled for channel mysql_main
2021-12-20T16:48:00.989902-00:00 0 [Warning] [MY-013746] [Server] A deprecated TLS version TLSv1.1 is enabled for channel mysql_main
2021-12-20T16:48:01.008248-00:00 0 [Warning] [MY-010068] [Server] CA certificate ca.pem is self signed.
2021-12-20T16:48:01.009229-00:00 0 [System] [MY-013602] [Server] Channel mysql_main configured to support TLS. Encrypted connections are now supported for this channel.
2021-12-20T16:48:01.025787-00:00 0 [Warning] [MY-011810] [Server] Insecure configuration for --pid-file: Location '/var/run/mysqld' in the path is accessible to all OS users. Consider choosing a different directory.
2021-12-20T16:48:01.313098-00:00 0 [System] [MY-011323] [Server] X Plugin ready for connections. Bind-address: '::' port: 33060, socket: /var/run/mysqld/mysqlx.sock
2021-12-20T16:48:01.313274-00:00 0 [System] [MY-010931] [Server] /usr/sbin/mysqld: ready for connections. Version: '8.0.27'  socket: '/var/run/mysqld/mysqld.sock'  port: 3306  MySQL Community Server - GPL.
2021-12-26T15:04:16.824857-00:00 0 [System] [MY-010116] [Server] /usr/sbin/mysqld (mysqld 8.0.27) starting as process 1
2021-12-26T15:04:16.857115-00:00 0 [Warning] [MY-010159] [Server] Setting lower_case_table_names=2 because file system for /var/lib/mysql/ is case insensitive
2021-12-26T15:04:16.963196-00:00 1 [System] [MY-013576] [InnoDB] InnoDB initialization has started.
2021-12-26T15:04:22.531089-00:00 1 [System] [MY-013577] [InnoDB] InnoDB initialization has ended.
2021-12-26T15:04:24.266630-00:00 0 [System] [MY-010229] [Server] Starting XA crash recovery...
2021-12-26T15:04:24.491047-00:00 0 [System] [MY-010232] [Server] XA crash recovery finished.
2021-12-26T15:04:24.977188-00:00 0 [Warning] [MY-013746] [Server] A deprecated TLS version TLSv1 is enabled for channel mysql_main
2021-12-26T15:04:24.980093-00:00 0 [Warning] [MY-013746] [Server] A deprecated TLS version TLSv1.1 is enabled for channel mysql_main
2021-12-26T15:04:25.032115-00:00 0 [Warning] [MY-010068] [Server] CA certificate ca.pem is self signed.
2021-12-26T15:04:25.033960-00:00 0 [System] [MY-013602] [Server] Channel mysql_main configured to support TLS. Encrypted connections are now supported for this channel.
2021-12-26T15:04:25.069991-00:00 0 [Warning] [MY-011810] [Server] Insecure configuration for --pid-file: Location '/var/run/mysqld' in the path is accessible to all OS users. Consider choosing a different directory.
2021-12-26T15:04:25.564512-00:00 0 [System] [MY-010931] [Server] /usr/sbin/mysqld: ready for connections. Version: '8.0.27'  socket: '/var/run/mysqld/mysqld.sock'  port: 3306  MySQL Community Server - GPL.
2021-12-26T15:04:25.565325-00:00 0 [System] [MY-011323] [Server] X Plugin ready for connections. Bind-address: '::' port: 33060, socket: /var/run/mysqld/mysqlx.sock
2021-12-26T17:05:49.062208-00:00 0 [System] [MY-013172] [Server] Received SHUTDOWN from user <via user signal>. Shutting down mysqld (Version: 8.0.27).
2021-12-26T17:05:50.997137-00:00 0 [System] [MY-010910] [Server] /usr/sbin/mysqld: Shutdown complete (mysqld 8.0.27)  MySQL Community Server - GPL.
2022-01-03T11:52:10.108019-00:00 0 [System] [MY-010116] [Server] /usr/sbin/mysqld (mysqld 8.0.27) starting as process 1
2022-01-03T11:52:10.147789-00:00 0 [Warning] [MY-010159] [Server] Setting lower_case_table_names=2 because file system for /var/lib/mysql/ is case insensitive
2022-01-03T11:52:10.200298-00:00 1 [System] [MY-013576] [InnoDB] InnoDB initialization has started.
2022-01-03T11:52:14.940485-00:00 1 [System] [MY-013577] [InnoDB] InnoDB initialization has ended.
2022-01-03T11:52:16.275135-00:00 0 [Warning] [MY-013746] [Server] A deprecated TLS version TLSv1 is enabled for channel mysql_main
2022-01-03T11:52:16.276219-00:00 0 [Warning] [MY-013746] [Server] A deprecated TLS version TLSv1.1 is enabled for channel mysql_main
2022-01-03T11:52:16.299575-00:00 0 [Warning] [MY-010068] [Server] CA certificate ca.pem is self signed.
2022-01-03T11:52:16.300813-00:00 0 [System] [MY-013602] [Server] Channel mysql_main configured to support TLS. Encrypted connections are now supported for this channel.
2022-01-03T11:52:16.320885-00:00 0 [Warning] [MY-011810] [Server] Insecure configuration for --pid-file: Location '/var/run/mysqld' in the path is accessible to all OS users. Consider choosing a different directory.
2022-01-03T11:52:16.570866-00:00 0 [System] [MY-010931] [Server] /usr/sbin/mysqld: ready for connections. Version: '8.0.27'  socket: '/var/run/mysqld/mysqld.sock'  port: 3306  MySQL Community Server - GPL.
2022-01-03T11:52:16.571414-00:00 0 [System] [MY-011323] [Server] X Plugin ready for connections. Bind-address: '::' port: 33060, socket: /var/run/mysqld/mysqlx.sock
2022-01-07T10:56:41.283728-00:00 0 [System] [MY-010116] [Server] /usr/sbin/mysqld (mysqld 8.0.27) starting as process 1
2022-01-07T10:56:41.432045-00:00 0 [Warning] [MY-010159] [Server] Setting lower_case_table_names=2 because file system for /var/lib/mysql/ is case insensitive
2022-01-07T10:56:42.176813-00:00 1 [System] [MY-013576] [InnoDB] InnoDB initialization has started.
2022-01-07T10:57:05.961006-00:00 1 [System] [MY-013577] [InnoDB] InnoDB initialization has ended.
2022-01-07T10:57:16.034592-00:00 0 [System] [MY-010229] [Server] Starting XA crash recovery...
2022-01-07T10:57:16.115866-00:00 0 [System] [MY-010232] [Server] XA crash recovery finished.
2022-01-07T10:57:17.146102-00:00 0 [Warning] [MY-013746] [Server] A deprecated TLS version TLSv1 is enabled for channel mysql_main
2022-01-07T10:57:17.161327-00:00 0 [Warning] [MY-013746] [Server] A deprecated TLS version TLSv1.1 is enabled for channel mysql_main
2022-01-07T10:57:17.407157-00:00 0 [Warning] [MY-010068] [Server] CA certificate ca.pem is self signed.
2022-01-07T10:57:17.411891-00:00 0 [System] [MY-013602] [Server] Channel mysql_main configured to support TLS. Encrypted connections are now supported for this channel.
2022-01-07T10:57:17.458154-00:00 0 [Warning] [MY-011810] [Server] Insecure configuration for --pid-file: Location '/var/run/mysqld' in the path is accessible to all OS users. Consider choosing a different directory.
2022-01-07T10:57:20.789403-00:00 0 [System] [MY-011323] [Server] X Plugin ready for connections. Bind-address: '::' port: 33060, socket: /var/run/mysqld/mysqlx.sock
2022-01-07T10:57:20.796026-00:00 0 [System] [MY-010931] [Server] /usr/sbin/mysqld: ready for connections. Version: '8.0.27'  socket: '/var/run/mysqld/mysqld.sock'  port: 3306  MySQL Community Server - GPL.
2022-01-15T06:56:02.016239-00:00 0 [System] [MY-010116] [Server] /usr/sbin/mysqld (mysqld 8.0.27) starting as process 1
2022-01-15T06:56:02.046513-00:00 0 [Warning] [MY-010159] [Server] Setting lower_case_table_names=2 because file system for /var/lib/mysql/ is case insensitive
2022-01-15T06:56:02.261328-00:00 1 [System] [MY-013576] [InnoDB] InnoDB initialization has started.
2022-01-15T06:56:10.894848-00:00 1 [System] [MY-013577] [InnoDB] InnoDB initialization has ended.
2022-01-15T06:56:14.032588-00:00 0 [System] [MY-010229] [Server] Starting XA crash recovery...
2022-01-15T06:56:14.213369-00:00 0 [System] [MY-010232] [Server] XA crash recovery finished.
2022-01-15T06:56:14.667137-00:00 0 [Warning] [MY-013746] [Server] A deprecated TLS version TLSv1 is enabled for channel mysql_main
2022-01-15T06:56:14.674003-00:00 0 [Warning] [MY-013746] [Server] A deprecated TLS version TLSv1.1 is enabled for channel mysql_main
2022-01-15T06:56:14.800199-00:00 0 [Warning] [MY-010068] [Server] CA certificate ca.pem is self signed.
2022-01-15T06:56:14.803858-00:00 0 [System] [MY-013602] [Server] Channel mysql_main configured to support TLS. Encrypted connections are now supported for this channel.
2022-01-15T06:56:14.874421-00:00 0 [Warning] [MY-011810] [Server] Insecure configuration for --pid-file: Location '/var/run/mysqld' in the path is accessible to all OS users. Consider choosing a different directory.
2022-01-15T06:56:15.719579-00:00 0 [System] [MY-010931] [Server] /usr/sbin/mysqld: ready for connections. Version: '8.0.27'  socket: '/var/run/mysqld/mysqld.sock'  port: 3306  MySQL Community Server - GPL.
2022-01-15T06:56:15.719710-00:00 0 [System] [MY-011323] [Server] X Plugin ready for connections. Bind-address: '::' port: 33060, socket: /var/run/mysqld/mysqlx.sock
2022-01-15T06:57:00.865065-00:00 0 [System] [MY-013172] [Server] Received SHUTDOWN from user <via user signal>. Shutting down mysqld (Version: 8.0.27).
2022-01-15T06:57:02.321501-00:00 0 [System] [MY-010910] [Server] /usr/sbin/mysqld: Shutdown complete (mysqld 8.0.27)  MySQL Community Server - GPL.
2022-01-15T07:00:04.817433-00:00 0 [System] [MY-010116] [Server] /usr/sbin/mysqld (mysqld 8.0.27) starting as process 1
2022-01-15T07:00:05.067831-00:00 0 [Warning] [MY-010159] [Server] Setting lower_case_table_names=2 because file system for /var/lib/mysql/ is case insensitive
2022-01-15T07:00:06.133435-00:00 1 [System] [MY-013576] [InnoDB] InnoDB initialization has started.
2022-01-15T07:00:24.386374-00:00 1 [System] [MY-013577] [InnoDB] InnoDB initialization has ended.
2022-01-15T07:00:37.919463-00:00 0 [Warning] [MY-013746] [Server] A deprecated TLS version TLSv1 is enabled for channel mysql_main
2022-01-15T07:00:37.922189-00:00 0 [Warning] [MY-013746] [Server] A deprecated TLS version TLSv1.1 is enabled for channel mysql_main
2022-01-15T07:00:38.197958-00:00 0 [Warning] [MY-010068] [Server] CA certificate ca.pem is self signed.
2022-01-15T07:00:38.209314-00:00 0 [System] [MY-013602] [Server] Channel mysql_main configured to support TLS. Encrypted connections are now supported for this channel.
2022-01-15T07:00:38.282192-00:00 0 [Warning] [MY-011810] [Server] Insecure configuration for --pid-file: Location '/var/run/mysqld' in the path is accessible to all OS users. Consider choosing a different directory.
2022-01-15T07:00:39.590519-00:00 0 [System] [MY-010931] [Server] /usr/sbin/mysqld: ready for connections. Version: '8.0.27'  socket: '/var/run/mysqld/mysqld.sock'  port: 3306  MySQL Community Server - GPL.
2022-01-15T07:00:39.594232-00:00 0 [System] [MY-011323] [Server] X Plugin ready for connections. Bind-address: '::' port: 33060, socket: /var/run/mysqld/mysqlx.sock
2022-01-15T07:07:09.421602-00:00 0 [System] [MY-013172] [Server] Received SHUTDOWN from user <via user signal>. Shutting down mysqld (Version: 8.0.27).
2022-01-15T07:07:10.889879-00:00 0 [System] [MY-010910] [Server] /usr/sbin/mysqld: Shutdown complete (mysqld 8.0.27)  MySQL Community Server - GPL.
2022-01-15T07:07:32.633197-00:00 0 [System] [MY-010116] [Server] /usr/sbin/mysqld (mysqld 8.0.27) starting as process 1
2022-01-15T07:07:32.680954-00:00 0 [Warning] [MY-010159] [Server] Setting lower_case_table_names=2 because file system for /var/lib/mysql/ is case insensitive
2022-01-15T07:07:32.847069-00:00 1 [System] [MY-013576] [InnoDB] InnoDB initialization has started.
2022-01-15T07:07:38.716351-00:00 1 [System] [MY-013577] [InnoDB] InnoDB initialization has ended.
2022-01-15T07:07:42.629072-00:00 0 [Warning] [MY-013746] [Server] A deprecated TLS version TLSv1 is enabled for channel mysql_main
2022-01-15T07:07:42.631618-00:00 0 [Warning] [MY-013746] [Server] A deprecated TLS version TLSv1.1 is enabled for channel mysql_main
2022-01-15T07:07:42.682387-00:00 0 [Warning] [MY-010068] [Server] CA certificate ca.pem is self signed.
2022-01-15T07:07:42.686651-00:00 0 [System] [MY-013602] [Server] Channel mysql_main configured to support TLS. Encrypted connections are now supported for this channel.
2022-01-15T07:07:42.754354-00:00 0 [Warning] [MY-011810] [Server] Insecure configuration for --pid-file: Location '/var/run/mysqld' in the path is accessible to all OS users. Consider choosing a different directory.
2022-01-15T07:07:43.263839-00:00 0 [System] [MY-011323] [Server] X Plugin ready for connections. Bind-address: '::' port: 33060, socket: /var/run/mysqld/mysqlx.sock
2022-01-15T07:07:43.272680-00:00 0 [System] [MY-010931] [Server] /usr/sbin/mysqld: ready for connections. Version: '8.0.27'  socket: '/var/run/mysqld/mysqld.sock'  port: 3306  MySQL Community Server - GPL.
2022-01-15T07:18:43.714735-00:00 0 [System] [MY-013172] [Server] Received SHUTDOWN from user <via user signal>. Shutting down mysqld (Version: 8.0.27).
2022-01-15T07:18:47.051359-00:00 0 [System] [MY-010910] [Server] /usr/sbin/mysqld: Shutdown complete (mysqld 8.0.27)  MySQL Community Server - GPL.
2022-01-15T07:22:49.560306-00:00 0 [System] [MY-010116] [Server] /usr/sbin/mysqld (mysqld 8.0.27) starting as process 1
2022-01-15T07:22:49.608858-00:00 0 [Warning] [MY-010159] [Server] Setting lower_case_table_names=2 because file system for /var/lib/mysql/ is case insensitive
2022-01-15T07:22:49.729335-00:00 1 [System] [MY-013576] [InnoDB] InnoDB initialization has started.
2022-01-15T07:22:56.402083-00:00 1 [System] [MY-013577] [InnoDB] InnoDB initialization has ended.
2022-01-15T07:23:00.845481-00:00 0 [Warning] [MY-013746] [Server] A deprecated TLS version TLSv1 is enabled for channel mysql_main
2022-01-15T07:23:00.851300-00:00 0 [Warning] [MY-013746] [Server] A deprecated TLS version TLSv1.1 is enabled for channel mysql_main
2022-01-15T07:23:01.066097-00:00 0 [Warning] [MY-010068] [Server] CA certificate ca.pem is self signed.
2022-01-15T07:23:01.076192-00:00 0 [System] [MY-013602] [Server] Channel mysql_main configured to support TLS. Encrypted connections are now supported for this channel.
2022-01-15T07:23:01.148836-00:00 0 [Warning] [MY-011810] [Server] Insecure configuration for --pid-file: Location '/var/run/mysqld' in the path is accessible to all OS users. Consider choosing a different directory.
2022-01-15T07:23:01.839392-00:00 0 [System] [MY-011323] [Server] X Plugin ready for connections. Bind-address: '::' port: 33060, socket: /var/run/mysqld/mysqlx.sock
2022-01-15T07:23:01.843583-00:00 0 [System] [MY-010931] [Server] /usr/sbin/mysqld: ready for connections. Version: '8.0.27'  socket: '/var/run/mysqld/mysqld.sock'  port: 3306  MySQL Community Server - GPL.
2022-01-16T08:18:38.682010-00:00 0 [System] [MY-013172] [Server] Received SHUTDOWN from user <via user signal>. Shutting down mysqld (Version: 8.0.27).
2022-01-19T13:28:44.321822-00:00 0 [System] [MY-010116] [Server] /usr/sbin/mysqld (mysqld 8.0.27) starting as process 1
2022-01-19T13:28:44.358436-00:00 0 [Warning] [MY-010159] [Server] Setting lower_case_table_names=2 because file system for /var/lib/mysql/ is case insensitive
2022-01-19T13:28:44.486646-00:00 1 [System] [MY-013576] [InnoDB] InnoDB initialization has started.
2022-01-19T13:28:48.432539-00:00 1 [System] [MY-013577] [InnoDB] InnoDB initialization has ended.
2022-01-19T13:28:49.943132-00:00 0 [Warning] [MY-013746] [Server] A deprecated TLS version TLSv1 is enabled for channel mysql_main
2022-01-19T13:28:49.944964-00:00 0 [Warning] [MY-013746] [Server] A deprecated TLS version TLSv1.1 is enabled for channel mysql_main
2022-01-19T13:28:50.005006-00:00 0 [Warning] [MY-010068] [Server] CA certificate ca.pem is self signed.
2022-01-19T13:28:50.006203-00:00 0 [System] [MY-013602] [Server] Channel mysql_main configured to support TLS. Encrypted connections are now supported for this channel.
2022-01-19T13:28:50.028615-00:00 0 [Warning] [MY-011810] [Server] Insecure configuration for --pid-file: Location '/var/run/mysqld' in the path is accessible to all OS users. Consider choosing a different directory.
2022-01-19T13:28:50.302855-00:00 0 [System] [MY-011323] [Server] X Plugin ready for connections. Bind-address: '::' port: 33060, socket: /var/run/mysqld/mysqlx.sock
2022-01-19T13:28:50.303043-00:00 0 [System] [MY-010931] [Server] /usr/sbin/mysqld: ready for connections. Version: '8.0.27'  socket: '/var/run/mysqld/mysqld.sock'  port: 3306  MySQL Community Server - GPL.
2022-01-19T13:50:02.115752-00:00 10 [Warning] [MY-013360] [Server] Plugin sha256_password reported: ''sha256_password' is deprecated and will be removed in a future release. Please use caching_sha2_password instead'
2022-01-19T16:50:18.251374-00:00 0 [System] [MY-013172] [Server] Received SHUTDOWN from user <via user signal>. Shutting down mysqld (Version: 8.0.27).
2022-01-19T16:50:20.302724-00:00 0 [Warning] [MY-010909] [Server] /usr/sbin/mysqld: Forcing close of thread 14  user: 'laravel'.
2022-01-19T16:50:21.322003-00:00 0 [System] [MY-010910] [Server] /usr/sbin/mysqld: Shutdown complete (mysqld 8.0.27)  MySQL Community Server - GPL.
2022-01-26T09:55:42.493525-00:00 0 [System] [MY-010116] [Server] /usr/sbin/mysqld (mysqld 8.0.27) starting as process 1
2022-01-26T09:55:42.540152-00:00 0 [Warning] [MY-010159] [Server] Setting lower_case_table_names=2 because file system for /var/lib/mysql/ is case insensitive
2022-01-26T09:55:42.621327-00:00 1 [System] [MY-013576] [InnoDB] InnoDB initialization has started.
2022-01-26T09:55:50.205581-00:00 1 [System] [MY-013577] [InnoDB] InnoDB initialization has ended.
2022-01-26T09:55:54.377882-00:00 0 [Warning] [MY-013746] [Server] A deprecated TLS version TLSv1 is enabled for channel mysql_main
2022-01-26T09:55:54.382955-00:00 0 [Warning] [MY-013746] [Server] A deprecated TLS version TLSv1.1 is enabled for channel mysql_main
2022-01-26T09:55:54.426041-00:00 0 [Warning] [MY-010068] [Server] CA certificate ca.pem is self signed.
2022-01-26T09:55:54.427661-00:00 0 [System] [MY-013602] [Server] Channel mysql_main configured to support TLS. Encrypted connections are now supported for this channel.
2022-01-26T09:55:54.455384-00:00 0 [Warning] [MY-011810] [Server] Insecure configuration for --pid-file: Location '/var/run/mysqld' in the path is accessible to all OS users. Consider choosing a different directory.
2022-01-26T09:55:55.146449-00:00 0 [System] [MY-010931] [Server] /usr/sbin/mysqld: ready for connections. Version: '8.0.27'  socket: '/var/run/mysqld/mysqld.sock'  port: 3306  MySQL Community Server - GPL.
2022-01-26T09:55:55.174675-00:00 0 [System] [MY-011323] [Server] X Plugin ready for connections. Bind-address: '::' port: 33060, socket: /var/run/mysqld/mysqlx.sock
2022-02-05T13:19:51.233021-00:00 0 [System] [MY-010116] [Server] /usr/sbin/mysqld (mysqld 8.0.27) starting as process 1
2022-02-05T13:19:51.252241-00:00 0 [Warning] [MY-010159] [Server] Setting lower_case_table_names=2 because file system for /var/lib/mysql/ is case insensitive
2022-02-05T13:19:51.310272-00:00 1 [System] [MY-013576] [InnoDB] InnoDB initialization has started.
2022-02-05T13:19:54.208396-00:00 1 [System] [MY-013577] [InnoDB] InnoDB initialization has ended.
2022-02-05T13:19:55.151703-00:00 0 [System] [MY-010229] [Server] Starting XA crash recovery...
2022-02-05T13:19:55.199684-00:00 0 [System] [MY-010232] [Server] XA crash recovery finished.
2022-02-05T13:19:55.575771-00:00 0 [Warning] [MY-013746] [Server] A deprecated TLS version TLSv1 is enabled for channel mysql_main
2022-02-05T13:19:55.580574-00:00 0 [Warning] [MY-013746] [Server] A deprecated TLS version TLSv1.1 is enabled for channel mysql_main
2022-02-05T13:19:55.594829-00:00 0 [Warning] [MY-010068] [Server] CA certificate ca.pem is self signed.
2022-02-05T13:19:55.595953-00:00 0 [System] [MY-013602] [Server] Channel mysql_main configured to support TLS. Encrypted connections are now supported for this channel.
2022-02-05T13:19:55.616895-00:00 0 [Warning] [MY-011810] [Server] Insecure configuration for --pid-file: Location '/var/run/mysqld' in the path is accessible to all OS users. Consider choosing a different directory.
2022-02-05T13:19:55.870841-00:00 0 [System] [MY-010931] [Server] /usr/sbin/mysqld: ready for connections. Version: '8.0.27'  socket: '/var/run/mysqld/mysqld.sock'  port: 3306  MySQL Community Server - GPL.
2022-02-05T13:19:55.871307-00:00 0 [System] [MY-011323] [Server] X Plugin ready for connections. Bind-address: '::' port: 33060, socket: /var/run/mysqld/mysqlx.sock
2022-02-05T18:15:32.560001-00:00 0 [System] [MY-013172] [Server] Received SHUTDOWN from user <via user signal>. Shutting down mysqld (Version: 8.0.27).
2022-02-05T18:15:34.659710-00:00 0 [Warning] [MY-010909] [Server] /usr/sbin/mysqld: Forcing close of thread 250  user: 'laravel'.
2022-02-05T18:15:35.856391-00:00 0 [System] [MY-010910] [Server] /usr/sbin/mysqld: Shutdown complete (mysqld 8.0.27)  MySQL Community Server - GPL.
2022-02-23T04:30:14.331378-00:00 0 [System] [MY-010116] [Server] /usr/sbin/mysqld (mysqld 8.0.27) starting as process 1
2022-02-23T04:30:14.357582-00:00 0 [Warning] [MY-010159] [Server] Setting lower_case_table_names=2 because file system for /var/lib/mysql/ is case insensitive
2022-02-23T04:30:14.424383-00:00 1 [System] [MY-013576] [InnoDB] InnoDB initialization has started.
2022-02-23T04:30:18.485406-00:00 1 [System] [MY-013577] [InnoDB] InnoDB initialization has ended.
2022-02-23T04:30:20.321053-00:00 0 [Warning] [MY-013746] [Server] A deprecated TLS version TLSv1 is enabled for channel mysql_main
2022-02-23T04:30:20.322372-00:00 0 [Warning] [MY-013746] [Server] A deprecated TLS version TLSv1.1 is enabled for channel mysql_main
2022-02-23T04:30:20.379661-00:00 0 [Warning] [MY-010068] [Server] CA certificate ca.pem is self signed.
2022-02-23T04:30:20.382882-00:00 0 [System] [MY-013602] [Server] Channel mysql_main configured to support TLS. Encrypted connections are now supported for this channel.
2022-02-23T04:30:20.419120-00:00 0 [Warning] [MY-011810] [Server] Insecure configuration for --pid-file: Location '/var/run/mysqld' in the path is accessible to all OS users. Consider choosing a different directory.
2022-02-23T04:30:20.762658-00:00 0 [System] [MY-011323] [Server] X Plugin ready for connections. Bind-address: '::' port: 33060, socket: /var/run/mysqld/mysqlx.sock
2022-02-23T04:30:20.763021-00:00 0 [System] [MY-010931] [Server] /usr/sbin/mysqld: ready for connections. Version: '8.0.27'  socket: '/var/run/mysqld/mysqld.sock'  port: 3306  MySQL Community Server - GPL.
mbind: Operation not permitted
mbind: Operation not permitted
mbind: Operation not permitted
mbind: Operation not permitted
mbind: Operation not permitted
2022-02-26T16:10:38.893989-00:00 0 [System] [MY-013172] [Server] Received SHUTDOWN from user <via user signal>. Shutting down mysqld (Version: 8.0.27).
2022-02-26T16:10:42.129950-00:00 0 [System] [MY-010910] [Server] /usr/sbin/mysqld: Shutdown complete (mysqld 8.0.27)  MySQL Community Server - GPL.
2022-03-04T16:09:03.838356-00:00 0 [System] [MY-010116] [Server] /usr/sbin/mysqld (mysqld 8.0.27) starting as process 1
2022-03-04T16:09:03.867986-00:00 0 [Warning] [MY-010159] [Server] Setting lower_case_table_names=2 because file system for /var/lib/mysql/ is case insensitive
2022-03-04T16:09:03.952617-00:00 1 [System] [MY-013576] [InnoDB] InnoDB initialization has started.
2022-03-04T16:09:06.703142-00:00 1 [System] [MY-013577] [InnoDB] InnoDB initialization has ended.
2022-03-04T16:09:08.094701-00:00 0 [Warning] [MY-013746] [Server] A deprecated TLS version TLSv1 is enabled for channel mysql_main
2022-03-04T16:09:08.097648-00:00 0 [Warning] [MY-013746] [Server] A deprecated TLS version TLSv1.1 is enabled for channel mysql_main
2022-03-04T16:09:08.168993-00:00 0 [Warning] [MY-010068] [Server] CA certificate ca.pem is self signed.
2022-03-04T16:09:08.170825-00:00 0 [System] [MY-013602] [Server] Channel mysql_main configured to support TLS. Encrypted connections are now supported for this channel.
2022-03-04T16:09:08.197841-00:00 0 [Warning] [MY-011810] [Server] Insecure configuration for --pid-file: Location '/var/run/mysqld' in the path is accessible to all OS users. Consider choosing a different directory.
2022-03-04T16:09:08.411843-00:00 0 [System] [MY-011323] [Server] X Plugin ready for connections. Bind-address: '::' port: 33060, socket: /var/run/mysqld/mysqlx.sock
2022-03-04T16:09:08.412170-00:00 0 [System] [MY-010931] [Server] /usr/sbin/mysqld: ready for connections. Version: '8.0.27'  socket: '/var/run/mysqld/mysqld.sock'  port: 3306  MySQL Community Server - GPL.
2022-03-06T11:02:34.421338-00:00 0 [System] [MY-013172] [Server] Received SHUTDOWN from user <via user signal>. Shutting down mysqld (Version: 8.0.27).
2022-03-06T11:02:36.521764-00:00 0 [Warning] [MY-010909] [Server] /usr/sbin/mysqld: Forcing close of thread 36  user: 'laravel'.
2022-03-06T11:02:37.921791-00:00 0 [System] [MY-010910] [Server] /usr/sbin/mysqld: Shutdown complete (mysqld 8.0.27)  MySQL Community Server - GPL.
2022-03-08T05:51:36.676087-00:00 0 [System] [MY-010116] [Server] /usr/sbin/mysqld (mysqld 8.0.27) starting as process 1
2022-03-08T05:51:36.714194-00:00 0 [Warning] [MY-010159] [Server] Setting lower_case_table_names=2 because file system for /var/lib/mysql/ is case insensitive
2022-03-08T05:51:36.816099-00:00 1 [System] [MY-013576] [InnoDB] InnoDB initialization has started.
2022-03-08T05:51:42.119392-00:00 1 [System] [MY-013577] [InnoDB] InnoDB initialization has ended.
2022-03-08T05:51:44.245431-00:00 0 [Warning] [MY-013746] [Server] A deprecated TLS version TLSv1 is enabled for channel mysql_main
2022-03-08T05:51:44.247246-00:00 0 [Warning] [MY-013746] [Server] A deprecated TLS version TLSv1.1 is enabled for channel mysql_main
2022-03-08T05:51:44.310174-00:00 0 [Warning] [MY-010068] [Server] CA certificate ca.pem is self signed.
2022-03-08T05:51:44.311864-00:00 0 [System] [MY-013602] [Server] Channel mysql_main configured to support TLS. Encrypted connections are now supported for this channel.
2022-03-08T05:51:44.329360-00:00 0 [Warning] [MY-011810] [Server] Insecure configuration for --pid-file: Location '/var/run/mysqld' in the path is accessible to all OS users. Consider choosing a different directory.
2022-03-08T05:51:44.761543-00:00 0 [System] [MY-011323] [Server] X Plugin ready for connections. Bind-address: '::' port: 33060, socket: /var/run/mysqld/mysqlx.sock
2022-03-08T05:51:44.762456-00:00 0 [System] [MY-010931] [Server] /usr/sbin/mysqld: ready for connections. Version: '8.0.27'  socket: '/var/run/mysqld/mysqld.sock'  port: 3306  MySQL Community Server - GPL.
2022-03-08T05:54:46.755118-00:00 0 [System] [MY-013172] [Server] Received SHUTDOWN from user <via user signal>. Shutting down mysqld (Version: 8.0.27).
2022-03-08T05:54:47.760117-00:00 0 [System] [MY-010910] [Server] /usr/sbin/mysqld: Shutdown complete (mysqld 8.0.27)  MySQL Community Server - GPL.
2022-03-08T05:54:57.950518-00:00 0 [System] [MY-010116] [Server] /usr/sbin/mysqld (mysqld 8.0.27) starting as process 1
2022-03-08T05:54:57.968122-00:00 0 [Warning] [MY-010159] [Server] Setting lower_case_table_names=2 because file system for /var/lib/mysql/ is case insensitive
2022-03-08T05:54:58.023247-00:00 1 [System] [MY-013576] [InnoDB] InnoDB initialization has started.
2022-03-08T05:55:00.595710-00:00 1 [System] [MY-013577] [InnoDB] InnoDB initialization has ended.
2022-03-08T05:55:01.349914-00:00 0 [Warning] [MY-013746] [Server] A deprecated TLS version TLSv1 is enabled for channel mysql_main
2022-03-08T05:55:01.351483-00:00 0 [Warning] [MY-013746] [Server] A deprecated TLS version TLSv1.1 is enabled for channel mysql_main
2022-03-08T05:55:01.364595-00:00 0 [Warning] [MY-010068] [Server] CA certificate ca.pem is self signed.
2022-03-08T05:55:01.365815-00:00 0 [System] [MY-013602] [Server] Channel mysql_main configured to support TLS. Encrypted connections are now supported for this channel.
2022-03-08T05:55:01.385136-00:00 0 [Warning] [MY-011810] [Server] Insecure configuration for --pid-file: Location '/var/run/mysqld' in the path is accessible to all OS users. Consider choosing a different directory.
2022-03-08T05:55:01.735824-00:00 0 [System] [MY-011323] [Server] X Plugin ready for connections. Bind-address: '::' port: 33060, socket: /var/run/mysqld/mysqlx.sock
2022-03-08T05:55:01.736324-00:00 0 [System] [MY-010931] [Server] /usr/sbin/mysqld: ready for connections. Version: '8.0.27'  socket: '/var/run/mysqld/mysqld.sock'  port: 3306  MySQL Community Server - GPL.
2022-03-08T14:28:26.768593-00:00 0 [System] [MY-010116] [Server] /usr/sbin/mysqld (mysqld 8.0.27) starting as process 1
2022-03-08T14:28:26.801330-00:00 0 [Warning] [MY-010159] [Server] Setting lower_case_table_names=2 because file system for /var/lib/mysql/ is case insensitive
2022-03-08T14:28:26.958712-00:00 1 [System] [MY-013576] [InnoDB] InnoDB initialization has started.
2022-03-08T14:28:41.836782-00:00 1 [System] [MY-013577] [InnoDB] InnoDB initialization has ended.
2022-03-08T14:28:48.904306-00:00 0 [System] [MY-010229] [Server] Starting XA crash recovery...
2022-03-08T14:28:49.293190-00:00 0 [System] [MY-010232] [Server] XA crash recovery finished.
2022-03-08T14:28:49.995960-00:00 0 [Warning] [MY-013746] [Server] A deprecated TLS version TLSv1 is enabled for channel mysql_main
2022-03-08T14:28:49.998293-00:00 0 [Warning] [MY-013746] [Server] A deprecated TLS version TLSv1.1 is enabled for channel mysql_main
2022-03-08T14:28:50.374843-00:00 0 [Warning] [MY-010068] [Server] CA certificate ca.pem is self signed.
2022-03-08T14:28:50.398781-00:00 0 [System] [MY-013602] [Server] Channel mysql_main configured to support TLS. Encrypted connections are now supported for this channel.
2022-03-08T14:28:50.553967-00:00 0 [Warning] [MY-011810] [Server] Insecure configuration for --pid-file: Location '/var/run/mysqld' in the path is accessible to all OS users. Consider choosing a different directory.
2022-03-08T14:28:51.978842-00:00 0 [System] [MY-011323] [Server] X Plugin ready for connections. Bind-address: '::' port: 33060, socket: /var/run/mysqld/mysqlx.sock
2022-03-08T14:28:51.980382-00:00 0 [System] [MY-010931] [Server] /usr/sbin/mysqld: ready for connections. Version: '8.0.27'  socket: '/var/run/mysqld/mysqld.sock'  port: 3306  MySQL Community Server - GPL.
2022-03-09T12:13:36.042380-00:00 0 [System] [MY-013172] [Server] Received SHUTDOWN from user <via user signal>. Shutting down mysqld (Version: 8.0.27).
2022-03-09T12:13:38.169451-00:00 0 [Warning] [MY-010909] [Server] /usr/sbin/mysqld: Forcing close of thread 33  user: 'laravel'.
2022-03-09T12:13:40.369980-00:00 0 [System] [MY-010910] [Server] /usr/sbin/mysqld: Shutdown complete (mysqld 8.0.27)  MySQL Community Server - GPL.
2022-03-09T15:45:17.851017-00:00 0 [System] [MY-010116] [Server] /usr/sbin/mysqld (mysqld 8.0.27) starting as process 1
2022-03-09T15:45:17.870208-00:00 0 [Warning] [MY-010159] [Server] Setting lower_case_table_names=2 because file system for /var/lib/mysql/ is case insensitive
2022-03-09T15:45:17.934026-00:00 1 [System] [MY-013576] [InnoDB] InnoDB initialization has started.
2022-03-09T15:45:21.561496-00:00 1 [System] [MY-013577] [InnoDB] InnoDB initialization has ended.
2022-03-09T15:45:23.822417-00:00 0 [Warning] [MY-013746] [Server] A deprecated TLS version TLSv1 is enabled for channel mysql_main
2022-03-09T15:45:23.828491-00:00 0 [Warning] [MY-013746] [Server] A deprecated TLS version TLSv1.1 is enabled for channel mysql_main
2022-03-09T15:45:23.900164-00:00 0 [Warning] [MY-010068] [Server] CA certificate ca.pem is self signed.
2022-03-09T15:45:23.901375-00:00 0 [System] [MY-013602] [Server] Channel mysql_main configured to support TLS. Encrypted connections are now supported for this channel.
2022-03-09T15:45:23.927197-00:00 0 [Warning] [MY-011810] [Server] Insecure configuration for --pid-file: Location '/var/run/mysqld' in the path is accessible to all OS users. Consider choosing a different directory.
2022-03-09T15:45:24.270667-00:00 0 [System] [MY-011323] [Server] X Plugin ready for connections. Bind-address: '::' port: 33060, socket: /var/run/mysqld/mysqlx.sock
2022-03-09T15:45:24.270772-00:00 0 [System] [MY-010931] [Server] /usr/sbin/mysqld: ready for connections. Version: '8.0.27'  socket: '/var/run/mysqld/mysqld.sock'  port: 3306  MySQL Community Server - GPL.
2022-03-10T08:35:14.314545-00:00 0 [System] [MY-013172] [Server] Received SHUTDOWN from user <via user signal>. Shutting down mysqld (Version: 8.0.27).
2022-03-10T08:35:16.334475-00:00 0 [Warning] [MY-010909] [Server] /usr/sbin/mysqld: Forcing close of thread 10  user: 'laravel'.
2022-03-10T08:35:17.457829-00:00 0 [System] [MY-010910] [Server] /usr/sbin/mysqld: Shutdown complete (mysqld 8.0.27)  MySQL Community Server - GPL.
2022-03-10T08:40:27.877648-00:00 0 [System] [MY-010116] [Server] /usr/sbin/mysqld (mysqld 8.0.27) starting as process 1
2022-03-10T08:40:27.893853-00:00 0 [Warning] [MY-010159] [Server] Setting lower_case_table_names=2 because file system for /var/lib/mysql/ is case insensitive
2022-03-10T08:40:27.934748-00:00 1 [System] [MY-013576] [InnoDB] InnoDB initialization has started.
2022-03-10T08:40:30.606174-00:00 1 [System] [MY-013577] [InnoDB] InnoDB initialization has ended.
2022-03-10T08:40:31.415358-00:00 0 [Warning] [MY-013746] [Server] A deprecated TLS version TLSv1 is enabled for channel mysql_main
2022-03-10T08:40:31.416740-00:00 0 [Warning] [MY-013746] [Server] A deprecated TLS version TLSv1.1 is enabled for channel mysql_main
2022-03-10T08:40:31.434678-00:00 0 [Warning] [MY-010068] [Server] CA certificate ca.pem is self signed.
2022-03-10T08:40:31.435831-00:00 0 [System] [MY-013602] [Server] Channel mysql_main configured to support TLS. Encrypted connections are now supported for this channel.
2022-03-10T08:40:31.457696-00:00 0 [Warning] [MY-011810] [Server] Insecure configuration for --pid-file: Location '/var/run/mysqld' in the path is accessible to all OS users. Consider choosing a different directory.
2022-03-10T08:40:31.698733-00:00 0 [System] [MY-010931] [Server] /usr/sbin/mysqld: ready for connections. Version: '8.0.27'  socket: '/var/run/mysqld/mysqld.sock'  port: 3306  MySQL Community Server - GPL.
2022-03-10T08:40:31.698904-00:00 0 [System] [MY-011323] [Server] X Plugin ready for connections. Bind-address: '::' port: 33060, socket: /var/run/mysqld/mysqlx.sock
2022-03-10T13:58:10.299472-00:00 0 [System] [MY-013172] [Server] Received SHUTDOWN from user <via user signal>. Shutting down mysqld (Version: 8.0.27).
2022-03-10T13:58:11.620859-00:00 0 [System] [MY-010910] [Server] /usr/sbin/mysqld: Shutdown complete (mysqld 8.0.27)  MySQL Community Server - GPL.
2022-03-12T04:26:34.576362-00:00 0 [System] [MY-010116] [Server] /usr/sbin/mysqld (mysqld 8.0.27) starting as process 1
2022-03-12T04:26:34.657213-00:00 0 [Warning] [MY-010159] [Server] Setting lower_case_table_names=2 because file system for /var/lib/mysql/ is case insensitive
2022-03-12T04:26:35.604921-00:00 1 [System] [MY-013576] [InnoDB] InnoDB initialization has started.
2022-03-12T04:26:51.227720-00:00 1 [System] [MY-013577] [InnoDB] InnoDB initialization has ended.
2022-03-12T04:26:58.020429-00:00 0 [Warning] [MY-013746] [Server] A deprecated TLS version TLSv1 is enabled for channel mysql_main
2022-03-12T04:26:58.027498-00:00 0 [Warning] [MY-013746] [Server] A deprecated TLS version TLSv1.1 is enabled for channel mysql_main
2022-03-12T04:26:58.125857-00:00 0 [Warning] [MY-010068] [Server] CA certificate ca.pem is self signed.
2022-03-12T04:26:58.160893-00:00 0 [System] [MY-013602] [Server] Channel mysql_main configured to support TLS. Encrypted connections are now supported for this channel.
2022-03-12T04:26:58.260142-00:00 0 [Warning] [MY-011810] [Server] Insecure configuration for --pid-file: Location '/var/run/mysqld' in the path is accessible to all OS users. Consider choosing a different directory.
2022-03-12T04:26:59.395810-00:00 0 [System] [MY-011323] [Server] X Plugin ready for connections. Bind-address: '::' port: 33060, socket: /var/run/mysqld/mysqlx.sock
2022-03-12T04:26:59.396832-00:00 0 [System] [MY-010931] [Server] /usr/sbin/mysqld: ready for connections. Version: '8.0.27'  socket: '/var/run/mysqld/mysqld.sock'  port: 3306  MySQL Community Server - GPL.
2022-03-12T07:39:09.816224-00:00 0 [System] [MY-013172] [Server] Received SHUTDOWN from user <via user signal>. Shutting down mysqld (Version: 8.0.27).
2022-03-12T07:42:43.930440-00:00 0 [System] [MY-010116] [Server] /usr/sbin/mysqld (mysqld 8.0.27) starting as process 1
2022-03-12T07:42:43.949371-00:00 0 [Warning] [MY-010159] [Server] Setting lower_case_table_names=2 because file system for /var/lib/mysql/ is case insensitive
2022-03-12T07:42:44.087000-00:00 1 [System] [MY-013576] [InnoDB] InnoDB initialization has started.
2022-03-12T07:42:48.027141-00:00 1 [System] [MY-013577] [InnoDB] InnoDB initialization has ended.
2022-03-12T07:42:48.777765-00:00 0 [System] [MY-010229] [Server] Starting XA crash recovery...
2022-03-12T07:42:48.805447-00:00 0 [System] [MY-010232] [Server] XA crash recovery finished.
2022-03-12T07:42:48.934050-00:00 0 [Warning] [MY-013746] [Server] A deprecated TLS version TLSv1 is enabled for channel mysql_main
2022-03-12T07:42:48.935200-00:00 0 [Warning] [MY-013746] [Server] A deprecated TLS version TLSv1.1 is enabled for channel mysql_main
2022-03-12T07:42:48.952522-00:00 0 [Warning] [MY-010068] [Server] CA certificate ca.pem is self signed.
2022-03-12T07:42:48.959102-00:00 0 [System] [MY-013602] [Server] Channel mysql_main configured to support TLS. Encrypted connections are now supported for this channel.
2022-03-12T07:42:48.980252-00:00 0 [Warning] [MY-011810] [Server] Insecure configuration for --pid-file: Location '/var/run/mysqld' in the path is accessible to all OS users. Consider choosing a different directory.
2022-03-12T07:42:49.291960-00:00 0 [System] [MY-011323] [Server] X Plugin ready for connections. Bind-address: '::' port: 33060, socket: /var/run/mysqld/mysqlx.sock
2022-03-12T07:42:49.292598-00:00 0 [System] [MY-010931] [Server] /usr/sbin/mysqld: ready for connections. Version: '8.0.27'  socket: '/var/run/mysqld/mysqld.sock'  port: 3306  MySQL Community Server - GPL.
2022-03-12T07:43:50.997197-00:00 0 [System] [MY-010116] [Server] /usr/sbin/mysqld (mysqld 8.0.27) starting as process 1
2022-03-12T07:43:51.051781-00:00 0 [Warning] [MY-010159] [Server] Setting lower_case_table_names=2 because file system for /var/lib/mysql/ is case insensitive
2022-03-12T07:43:51.150398-00:00 1 [System] [MY-013576] [InnoDB] InnoDB initialization has started.
2022-03-12T07:43:55.674891-00:00 1 [System] [MY-013577] [InnoDB] InnoDB initialization has ended.
2022-03-12T07:43:57.746717-00:00 0 [System] [MY-010229] [Server] Starting XA crash recovery...
2022-03-12T07:43:57.793183-00:00 0 [System] [MY-010232] [Server] XA crash recovery finished.
2022-03-12T07:43:58.002686-00:00 0 [Warning] [MY-013746] [Server] A deprecated TLS version TLSv1 is enabled for channel mysql_main
2022-03-12T07:43:58.004806-00:00 0 [Warning] [MY-013746] [Server] A deprecated TLS version TLSv1.1 is enabled for channel mysql_main
2022-03-12T07:43:58.029799-00:00 0 [Warning] [MY-010068] [Server] CA certificate ca.pem is self signed.
2022-03-12T07:43:58.032041-00:00 0 [System] [MY-013602] [Server] Channel mysql_main configured to support TLS. Encrypted connections are now supported for this channel.
2022-03-12T07:43:58.077214-00:00 0 [Warning] [MY-011810] [Server] Insecure configuration for --pid-file: Location '/var/run/mysqld' in the path is accessible to all OS users. Consider choosing a different directory.
2022-03-12T07:43:58.559480-00:00 0 [System] [MY-010931] [Server] /usr/sbin/mysqld: ready for connections. Version: '8.0.27'  socket: '/var/run/mysqld/mysqld.sock'  port: 3306  MySQL Community Server - GPL.
2022-03-12T07:43:58.559813-00:00 0 [System] [MY-011323] [Server] X Plugin ready for connections. Bind-address: '::' port: 33060, socket: /var/run/mysqld/mysqlx.sock
2022-03-12T08:20:57.097351-00:00 0 [System] [MY-010116] [Server] /usr/sbin/mysqld (mysqld 8.0.27) starting as process 1
2022-03-12T08:20:57.108126-00:00 0 [Warning] [MY-010159] [Server] Setting lower_case_table_names=2 because file system for /var/lib/mysql/ is case insensitive
2022-03-12T08:20:57.145404-00:00 1 [System] [MY-013576] [InnoDB] InnoDB initialization has started.
2022-03-12T08:20:58.877111-00:00 1 [System] [MY-013577] [InnoDB] InnoDB initialization has ended.
2022-03-12T08:20:59.396426-00:00 0 [System] [MY-010229] [Server] Starting XA crash recovery...
2022-03-12T08:20:59.413478-00:00 0 [System] [MY-010232] [Server] XA crash recovery finished.
2022-03-12T08:20:59.531487-00:00 0 [Warning] [MY-013746] [Server] A deprecated TLS version TLSv1 is enabled for channel mysql_main
2022-03-12T08:20:59.534094-00:00 0 [Warning] [MY-013746] [Server] A deprecated TLS version TLSv1.1 is enabled for channel mysql_main
2022-03-12T08:20:59.552100-00:00 0 [Warning] [MY-010068] [Server] CA certificate ca.pem is self signed.
2022-03-12T08:20:59.552920-00:00 0 [System] [MY-013602] [Server] Channel mysql_main configured to support TLS. Encrypted connections are now supported for this channel.
2022-03-12T08:20:59.565177-00:00 0 [Warning] [MY-011810] [Server] Insecure configuration for --pid-file: Location '/var/run/mysqld' in the path is accessible to all OS users. Consider choosing a different directory.
2022-03-12T08:20:59.716763-00:00 0 [System] [MY-011323] [Server] X Plugin ready for connections. Bind-address: '::' port: 33060, socket: /var/run/mysqld/mysqlx.sock
2022-03-12T08:20:59.716987-00:00 0 [System] [MY-010931] [Server] /usr/sbin/mysqld: ready for connections. Version: '8.0.27'  socket: '/var/run/mysqld/mysqld.sock'  port: 3306  MySQL Community Server - GPL.
2022-03-12T11:39:19.270765-00:00 0 [System] [MY-013172] [Server] Received SHUTDOWN from user <via user signal>. Shutting down mysqld (Version: 8.0.27).
2022-03-12T11:39:20.871511-00:00 0 [System] [MY-010910] [Server] /usr/sbin/mysqld: Shutdown complete (mysqld 8.0.27)  MySQL Community Server - GPL.
2022-03-13T03:12:50.893586-00:00 0 [System] [MY-010116] [Server] /usr/sbin/mysqld (mysqld 8.0.27) starting as process 1
2022-03-13T03:12:50.917017-00:00 0 [Warning] [MY-010159] [Server] Setting lower_case_table_names=2 because file system for /var/lib/mysql/ is case insensitive
2022-03-13T03:12:50.979083-00:00 1 [System] [MY-013576] [InnoDB] InnoDB initialization has started.
2022-03-13T03:12:53.410666-00:00 1 [System] [MY-013577] [InnoDB] InnoDB initialization has ended.
2022-03-13T03:12:54.250768-00:00 0 [Warning] [MY-013746] [Server] A deprecated TLS version TLSv1 is enabled for channel mysql_main
2022-03-13T03:12:54.262645-00:00 0 [Warning] [MY-013746] [Server] A deprecated TLS version TLSv1.1 is enabled for channel mysql_main
2022-03-13T03:12:54.295555-00:00 0 [Warning] [MY-010068] [Server] CA certificate ca.pem is self signed.
2022-03-13T03:12:54.296724-00:00 0 [System] [MY-013602] [Server] Channel mysql_main configured to support TLS. Encrypted connections are now supported for this channel.
2022-03-13T03:12:54.318161-00:00 0 [Warning] [MY-011810] [Server] Insecure configuration for --pid-file: Location '/var/run/mysqld' in the path is accessible to all OS users. Consider choosing a different directory.
2022-03-13T03:12:54.605422-00:00 0 [System] [MY-011323] [Server] X Plugin ready for connections. Bind-address: '::' port: 33060, socket: /var/run/mysqld/mysqlx.sock
2022-03-13T03:12:54.605585-00:00 0 [System] [MY-010931] [Server] /usr/sbin/mysqld: ready for connections. Version: '8.0.27'  socket: '/var/run/mysqld/mysqld.sock'  port: 3306  MySQL Community Server - GPL.
